[2020-04-13 22:30:42] local.ERROR: Command "make" is not defined.

Did you mean one of these?
    make:auth
    make:channel
    make:command
    make:controller
    make:event
    make:exception
    make:factory
    make:job
    make:listener
    make:mail
    make:middleware
    make:migration
    make:model
    make:notification
    make:observer
    make:policy
    make:provider
    make:request
    make:resource
    make:rule
    make:seeder
    make:test {"exception":"[object] (Symfony\\Component\\Console\\Exception\\CommandNotFoundException(code: 0): Command \"make\" is not defined.

Did you mean one of these?
    make:auth
    make:channel
    make:command
    make:controller
    make:event
    make:exception
    make:factory
    make:job
    make:listener
    make:mail
    make:middleware
    make:migration
    make:model
    make:notification
    make:observer
    make:policy
    make:provider
    make:request
    make:resource
    make:rule
    make:seeder
    make:test at D:\\DSI22\\Laravel\\project_laravel\\Election-System-electionsystem\\election-college-system\\vendor\\symfony\\console\\Application.php:669)
[stacktrace]
#0 D:\\DSI22\\Laravel\\project_laravel\\Election-System-electionsystem\\election-college-system\\vendor\\symfony\\console\\Application.php(235): Symfony\\Component\\Console\\Application->find('make')
#1 D:\\DSI22\\Laravel\\project_laravel\\Election-System-electionsystem\\election-college-system\\vendor\\symfony\\console\\Application.php(147): Symfony\\Component\\Console\\Application->doRun(Object(Symfony\\Component\\Console\\Input\\ArgvInput), Object(Symfony\\Component\\Console\\Output\\ConsoleOutput))
#2 D:\\DSI22\\Laravel\\project_laravel\\Election-System-electionsystem\\election-college-system\\vendor\\laravel\\framework\\src\\Illuminate\\Console\\Application.php(90): Symfony\\Component\\Console\\Application->run(Object(Symfony\\Component\\Console\\Input\\ArgvInput), Object(Symfony\\Component\\Console\\Output\\ConsoleOutput))
#3 D:\\DSI22\\Laravel\\project_laravel\\Election-System-electionsystem\\election-college-system\\vendor\\laravel\\framework\\src\\Illuminate\\Foundation\\Console\\Kernel.php(133): Illuminate\\Console\\Application->run(Object(Symfony\\Component\\Console\\Input\\ArgvInput), Object(Symfony\\Component\\Console\\Output\\ConsoleOutput))
#4 D:\\DSI22\\Laravel\\project_laravel\\Election-System-electionsystem\\election-college-system\\artisan(37): Illuminate\\Foundation\\Console\\Kernel->handle(Object(Symfony\\Component\\Console\\Input\\ArgvInput), Object(Symfony\\Component\\Console\\Output\\ConsoleOutput))
#5 {main}
"} 
[2020-04-13 22:55:35] local.ERROR: Class 'Candidat' not found {"exception":"[object] (Symfony\\Component\\Debug\\Exception\\FatalThrowableError(code: 0): Class 'Candidat' not found at D:\\DSI22\\Laravel\\project_laravel\\Election-System-electionsystem\\election-college-system\\vendor\\laravel\\framework\\src\\Illuminate\\Database\\Eloquent\\FactoryBuilder.php:228)
[stacktrace]
#0 D:\\DSI22\\Laravel\\project_laravel\\Election-System-electionsystem\\election-college-system\\vendor\\laravel\\framework\\src\\Illuminate\\Database\\Eloquent\\FactoryBuilder.php(178): Illuminate\\Database\\Eloquent\\FactoryBuilder->make(Array)
#1 D:\\DSI22\\Laravel\\project_laravel\\Election-System-electionsystem\\election-college-system\\database\\seeds\\LoginsTableSeeder.php(15): Illuminate\\Database\\Eloquent\\FactoryBuilder->create()
#2 [internal function]: LoginsTableSeeder->run()
#3 D:\\DSI22\\Laravel\\project_laravel\\Election-System-electionsystem\\election-college-system\\vendor\\laravel\\framework\\src\\Illuminate\\Container\\BoundMethod.php(32): call_user_func_array(Array, Array)
#4 D:\\DSI22\\Laravel\\project_laravel\\Election-System-electionsystem\\election-college-system\\vendor\\laravel\\framework\\src\\Illuminate\\Container\\BoundMethod.php(90): Illuminate\\Container\\BoundMethod::Illuminate\\Container\\{closure}()
#5 D:\\DSI22\\Laravel\\project_laravel\\Election-System-electionsystem\\election-college-system\\vendor\\laravel\\framework\\src\\Illuminate\\Container\\BoundMethod.php(34): Illuminate\\Container\\BoundMethod::callBoundMethod(Object(Illuminate\\Foundation\\Application), Array, Object(Closure))
#6 D:\\DSI22\\Laravel\\project_laravel\\Election-System-electionsystem\\election-college-system\\vendor\\laravel\\framework\\src\\Illuminate\\Container\\Container.php(576): Illuminate\\Container\\BoundMethod::call(Object(Illuminate\\Foundation\\Application), Array, Array, NULL)
#7 D:\\DSI22\\Laravel\\project_laravel\\Election-System-electionsystem\\election-college-system\\vendor\\laravel\\framework\\src\\Illuminate\\Database\\Seeder.php(124): Illuminate\\Container\\Container->call(Array)
#8 D:\\DSI22\\Laravel\\project_laravel\\Election-System-electionsystem\\election-college-system\\vendor\\laravel\\framework\\src\\Illuminate\\Database\\Seeder.php(44): Illuminate\\Database\\Seeder->__invoke()
#9 D:\\DSI22\\Laravel\\project_laravel\\Election-System-electionsystem\\election-college-system\\database\\seeds\\DatabaseSeeder.php(15): Illuminate\\Database\\Seeder->call('LoginsTableSeed...')
#10 [internal function]: DatabaseSeeder->run()
#11 D:\\DSI22\\Laravel\\project_laravel\\Election-System-electionsystem\\election-college-system\\vendor\\laravel\\framework\\src\\Illuminate\\Container\\BoundMethod.php(32): call_user_func_array(Array, Array)
#12 D:\\DSI22\\Laravel\\project_laravel\\Election-System-electionsystem\\election-college-system\\vendor\\laravel\\framework\\src\\Illuminate\\Container\\BoundMethod.php(90): Illuminate\\Container\\BoundMethod::Illuminate\\Container\\{closure}()
#13 D:\\DSI22\\Laravel\\project_laravel\\Election-System-electionsystem\\election-college-system\\vendor\\laravel\\framework\\src\\Illuminate\\Container\\BoundMethod.php(34): Illuminate\\Container\\BoundMethod::callBoundMethod(Object(Illuminate\\Foundation\\Application), Array, Object(Closure))
#14 D:\\DSI22\\Laravel\\project_laravel\\Election-System-electionsystem\\election-college-system\\vendor\\laravel\\framework\\src\\Illuminate\\Container\\Container.php(576): Illuminate\\Container\\BoundMethod::call(Object(Illuminate\\Foundation\\Application), Array, Array, NULL)
#15 D:\\DSI22\\Laravel\\project_laravel\\Election-System-electionsystem\\election-college-system\\vendor\\laravel\\framework\\src\\Illuminate\\Database\\Seeder.php(124): Illuminate\\Container\\Container->call(Array)
#16 D:\\DSI22\\Laravel\\project_laravel\\Election-System-electionsystem\\election-college-system\\vendor\\laravel\\framework\\src\\Illuminate\\Database\\Console\\Seeds\\SeedCommand.php(63): Illuminate\\Database\\Seeder->__invoke()
#17 D:\\DSI22\\Laravel\\project_laravel\\Election-System-electionsystem\\election-college-system\\vendor\\laravel\\framework\\src\\Illuminate\\Database\\Eloquent\\Concerns\\GuardsAttributes.php(122): Illuminate\\Database\\Console\\Seeds\\SeedCommand->Illuminate\\Database\\Console\\Seeds\\{closure}()
#18 D:\\DSI22\\Laravel\\project_laravel\\Election-System-electionsystem\\election-college-system\\vendor\\laravel\\framework\\src\\Illuminate\\Database\\Console\\Seeds\\SeedCommand.php(64): Illuminate\\Database\\Eloquent\\Model::unguarded(Object(Closure))
#19 [internal function]: Illuminate\\Database\\Console\\Seeds\\SeedCommand->handle()
#20 D:\\DSI22\\Laravel\\project_laravel\\Election-System-electionsystem\\election-college-system\\vendor\\laravel\\framework\\src\\Illuminate\\Container\\BoundMethod.php(32): call_user_func_array(Array, Array)
#21 D:\\DSI22\\Laravel\\project_laravel\\Election-System-electionsystem\\election-college-system\\vendor\\laravel\\framework\\src\\Illuminate\\Container\\BoundMethod.php(90): Illuminate\\Container\\BoundMethod::Illuminate\\Container\\{closure}()
#22 D:\\DSI22\\Laravel\\project_laravel\\Election-System-electionsystem\\election-college-system\\vendor\\laravel\\framework\\src\\Illuminate\\Container\\BoundMethod.php(34): Illuminate\\Container\\BoundMethod::callBoundMethod(Object(Illuminate\\Foundation\\Application), Array, Object(Closure))
#23 D:\\DSI22\\Laravel\\project_laravel\\Election-System-electionsystem\\election-college-system\\vendor\\laravel\\framework\\src\\Illuminate\\Container\\Container.php(576): Illuminate\\Container\\BoundMethod::call(Object(Illuminate\\Foundation\\Application), Array, Array, NULL)
#24 D:\\DSI22\\Laravel\\project_laravel\\Election-System-electionsystem\\election-college-system\\vendor\\laravel\\framework\\src\\Illuminate\\Console\\Command.php(183): Illuminate\\Container\\Container->call(Array)
#25 D:\\DSI22\\Laravel\\project_laravel\\Election-System-electionsystem\\election-college-system\\vendor\\symfony\\console\\Command\\Command.php(255): Illuminate\\Console\\Command->execute(Object(Symfony\\Component\\Console\\Input\\ArgvInput), Object(Illuminate\\Console\\OutputStyle))
#26 D:\\DSI22\\Laravel\\project_laravel\\Election-System-electionsystem\\election-college-system\\vendor\\laravel\\framework\\src\\Illuminate\\Console\\Command.php(170): Symfony\\Component\\Console\\Command\\Command->run(Object(Symfony\\Component\\Console\\Input\\ArgvInput), Object(Illuminate\\Console\\OutputStyle))
#27 D:\\DSI22\\Laravel\\project_laravel\\Election-System-electionsystem\\election-college-system\\vendor\\symfony\\console\\Application.php(1001): Illuminate\\Console\\Command->run(Object(Symfony\\Component\\Console\\Input\\ArgvInput), Object(Symfony\\Component\\Console\\Output\\ConsoleOutput))
#28 D:\\DSI22\\Laravel\\project_laravel\\Election-System-electionsystem\\election-college-system\\vendor\\symfony\\console\\Application.php(271): Symfony\\Component\\Console\\Application->doRunCommand(Object(Illuminate\\Database\\Console\\Seeds\\SeedCommand), Object(Symfony\\Component\\Console\\Input\\ArgvInput), Object(Symfony\\Component\\Console\\Output\\ConsoleOutput))
#29 D:\\DSI22\\Laravel\\project_laravel\\Election-System-electionsystem\\election-college-system\\vendor\\symfony\\console\\Application.php(147): Symfony\\Component\\Console\\Application->doRun(Object(Symfony\\Component\\Console\\Input\\ArgvInput), Object(Symfony\\Component\\Console\\Output\\ConsoleOutput))
#30 D:\\DSI22\\Laravel\\project_laravel\\Election-System-electionsystem\\election-college-system\\vendor\\laravel\\framework\\src\\Illuminate\\Console\\Application.php(90): Symfony\\Component\\Console\\Application->run(Object(Symfony\\Component\\Console\\Input\\ArgvInput), Object(Symfony\\Component\\Console\\Output\\ConsoleOutput))
#31 D:\\DSI22\\Laravel\\project_laravel\\Election-System-electionsystem\\election-college-system\\vendor\\laravel\\framework\\src\\Illuminate\\Foundation\\Console\\Kernel.php(133): Illuminate\\Console\\Application->run(Object(Symfony\\Component\\Console\\Input\\ArgvInput), Object(Symfony\\Component\\Console\\Output\\ConsoleOutput))
#32 D:\\DSI22\\Laravel\\project_laravel\\Election-System-electionsystem\\election-college-system\\artisan(37): Illuminate\\Foundation\\Console\\Kernel->handle(Object(Symfony\\Component\\Console\\Input\\ArgvInput), Object(Symfony\\Component\\Console\\Output\\ConsoleOutput))
#33 {main}
"} 
[2020-04-13 22:58:52] local.ERROR: Class 'Candidat' not found {"exception":"[object] (Symfony\\Component\\Debug\\Exception\\FatalThrowableError(code: 0): Class 'Candidat' not found at D:\\DSI22\\Laravel\\project_laravel\\Election-System-electionsystem\\election-college-system\\vendor\\laravel\\framework\\src\\Illuminate\\Database\\Eloquent\\FactoryBuilder.php:228)
[stacktrace]
#0 D:\\DSI22\\Laravel\\project_laravel\\Election-System-electionsystem\\election-college-system\\vendor\\laravel\\framework\\src\\Illuminate\\Database\\Eloquent\\FactoryBuilder.php(178): Illuminate\\Database\\Eloquent\\FactoryBuilder->make(Array)
#1 D:\\DSI22\\Laravel\\project_laravel\\Election-System-electionsystem\\election-college-system\\database\\seeds\\LoginsTableSeeder.php(15): Illuminate\\Database\\Eloquent\\FactoryBuilder->create()
#2 [internal function]: LoginsTableSeeder->run()
#3 D:\\DSI22\\Laravel\\project_laravel\\Election-System-electionsystem\\election-college-system\\vendor\\laravel\\framework\\src\\Illuminate\\Container\\BoundMethod.php(32): call_user_func_array(Array, Array)
#4 D:\\DSI22\\Laravel\\project_laravel\\Election-System-electionsystem\\election-college-system\\vendor\\laravel\\framework\\src\\Illuminate\\Container\\BoundMethod.php(90): Illuminate\\Container\\BoundMethod::Illuminate\\Container\\{closure}()
#5 D:\\DSI22\\Laravel\\project_laravel\\Election-System-electionsystem\\election-college-system\\vendor\\laravel\\framework\\src\\Illuminate\\Container\\BoundMethod.php(34): Illuminate\\Container\\BoundMethod::callBoundMethod(Object(Illuminate\\Foundation\\Application), Array, Object(Closure))
#6 D:\\DSI22\\Laravel\\project_laravel\\Election-System-electionsystem\\election-college-system\\vendor\\laravel\\framework\\src\\Illuminate\\Container\\Container.php(576): Illuminate\\Container\\BoundMethod::call(Object(Illuminate\\Foundation\\Application), Array, Array, NULL)
#7 D:\\DSI22\\Laravel\\project_laravel\\Election-System-electionsystem\\election-college-system\\vendor\\laravel\\framework\\src\\Illuminate\\Database\\Seeder.php(124): Illuminate\\Container\\Container->call(Array)
#8 D:\\DSI22\\Laravel\\project_laravel\\Election-System-electionsystem\\election-college-system\\vendor\\laravel\\framework\\src\\Illuminate\\Database\\Seeder.php(44): Illuminate\\Database\\Seeder->__invoke()
#9 D:\\DSI22\\Laravel\\project_laravel\\Election-System-electionsystem\\election-college-system\\database\\seeds\\DatabaseSeeder.php(15): Illuminate\\Database\\Seeder->call('LoginsTableSeed...')
#10 [internal function]: DatabaseSeeder->run()
#11 D:\\DSI22\\Laravel\\project_laravel\\Election-System-electionsystem\\election-college-system\\vendor\\laravel\\framework\\src\\Illuminate\\Container\\BoundMethod.php(32): call_user_func_array(Array, Array)
#12 D:\\DSI22\\Laravel\\project_laravel\\Election-System-electionsystem\\election-college-system\\vendor\\laravel\\framework\\src\\Illuminate\\Container\\BoundMethod.php(90): Illuminate\\Container\\BoundMethod::Illuminate\\Container\\{closure}()
#13 D:\\DSI22\\Laravel\\project_laravel\\Election-System-electionsystem\\election-college-system\\vendor\\laravel\\framework\\src\\Illuminate\\Container\\BoundMethod.php(34): Illuminate\\Container\\BoundMethod::callBoundMethod(Object(Illuminate\\Foundation\\Application), Array, Object(Closure))
#14 D:\\DSI22\\Laravel\\project_laravel\\Election-System-electionsystem\\election-college-system\\vendor\\laravel\\framework\\src\\Illuminate\\Container\\Container.php(576): Illuminate\\Container\\BoundMethod::call(Object(Illuminate\\Foundation\\Application), Array, Array, NULL)
#15 D:\\DSI22\\Laravel\\project_laravel\\Election-System-electionsystem\\election-college-system\\vendor\\laravel\\framework\\src\\Illuminate\\Database\\Seeder.php(124): Illuminate\\Container\\Container->call(Array)
#16 D:\\DSI22\\Laravel\\project_laravel\\Election-System-electionsystem\\election-college-system\\vendor\\laravel\\framework\\src\\Illuminate\\Database\\Console\\Seeds\\SeedCommand.php(63): Illuminate\\Database\\Seeder->__invoke()
#17 D:\\DSI22\\Laravel\\project_laravel\\Election-System-electionsystem\\election-college-system\\vendor\\laravel\\framework\\src\\Illuminate\\Database\\Eloquent\\Concerns\\GuardsAttributes.php(122): Illuminate\\Database\\Console\\Seeds\\SeedCommand->Illuminate\\Database\\Console\\Seeds\\{closure}()
#18 D:\\DSI22\\Laravel\\project_laravel\\Election-System-electionsystem\\election-college-system\\vendor\\laravel\\framework\\src\\Illuminate\\Database\\Console\\Seeds\\SeedCommand.php(64): Illuminate\\Database\\Eloquent\\Model::unguarded(Object(Closure))
#19 [internal function]: Illuminate\\Database\\Console\\Seeds\\SeedCommand->handle()
#20 D:\\DSI22\\Laravel\\project_laravel\\Election-System-electionsystem\\election-college-system\\vendor\\laravel\\framework\\src\\Illuminate\\Container\\BoundMethod.php(32): call_user_func_array(Array, Array)
#21 D:\\DSI22\\Laravel\\project_laravel\\Election-System-electionsystem\\election-college-system\\vendor\\laravel\\framework\\src\\Illuminate\\Container\\BoundMethod.php(90): Illuminate\\Container\\BoundMethod::Illuminate\\Container\\{closure}()
#22 D:\\DSI22\\Laravel\\project_laravel\\Election-System-electionsystem\\election-college-system\\vendor\\laravel\\framework\\src\\Illuminate\\Container\\BoundMethod.php(34): Illuminate\\Container\\BoundMethod::callBoundMethod(Object(Illuminate\\Foundation\\Application), Array, Object(Closure))
#23 D:\\DSI22\\Laravel\\project_laravel\\Election-System-electionsystem\\election-college-system\\vendor\\laravel\\framework\\src\\Illuminate\\Container\\Container.php(576): Illuminate\\Container\\BoundMethod::call(Object(Illuminate\\Foundation\\Application), Array, Array, NULL)
#24 D:\\DSI22\\Laravel\\project_laravel\\Election-System-electionsystem\\election-college-system\\vendor\\laravel\\framework\\src\\Illuminate\\Console\\Command.php(183): Illuminate\\Container\\Container->call(Array)
#25 D:\\DSI22\\Laravel\\project_laravel\\Election-System-electionsystem\\election-college-system\\vendor\\symfony\\console\\Command\\Command.php(255): Illuminate\\Console\\Command->execute(Object(Symfony\\Component\\Console\\Input\\ArgvInput), Object(Illuminate\\Console\\OutputStyle))
#26 D:\\DSI22\\Laravel\\project_laravel\\Election-System-electionsystem\\election-college-system\\vendor\\laravel\\framework\\src\\Illuminate\\Console\\Command.php(170): Symfony\\Component\\Console\\Command\\Command->run(Object(Symfony\\Component\\Console\\Input\\ArgvInput), Object(Illuminate\\Console\\OutputStyle))
#27 D:\\DSI22\\Laravel\\project_laravel\\Election-System-electionsystem\\election-college-system\\vendor\\symfony\\console\\Application.php(1001): Illuminate\\Console\\Command->run(Object(Symfony\\Component\\Console\\Input\\ArgvInput), Object(Symfony\\Component\\Console\\Output\\ConsoleOutput))
#28 D:\\DSI22\\Laravel\\project_laravel\\Election-System-electionsystem\\election-college-system\\vendor\\symfony\\console\\Application.php(271): Symfony\\Component\\Console\\Application->doRunCommand(Object(Illuminate\\Database\\Console\\Seeds\\SeedCommand), Object(Symfony\\Component\\Console\\Input\\ArgvInput), Object(Symfony\\Component\\Console\\Output\\ConsoleOutput))
#29 D:\\DSI22\\Laravel\\project_laravel\\Election-System-electionsystem\\election-college-system\\vendor\\symfony\\console\\Application.php(147): Symfony\\Component\\Console\\Application->doRun(Object(Symfony\\Component\\Console\\Input\\ArgvInput), Object(Symfony\\Component\\Console\\Output\\ConsoleOutput))
#30 D:\\DSI22\\Laravel\\project_laravel\\Election-System-electionsystem\\election-college-system\\vendor\\laravel\\framework\\src\\Illuminate\\Console\\Application.php(90): Symfony\\Component\\Console\\Application->run(Object(Symfony\\Component\\Console\\Input\\ArgvInput), Object(Symfony\\Component\\Console\\Output\\ConsoleOutput))
#31 D:\\DSI22\\Laravel\\project_laravel\\Election-System-electionsystem\\election-college-system\\vendor\\laravel\\framework\\src\\Illuminate\\Foundation\\Console\\Kernel.php(133): Illuminate\\Console\\Application->run(Object(Symfony\\Component\\Console\\Input\\ArgvInput), Object(Symfony\\Component\\Console\\Output\\ConsoleOutput))
#32 D:\\DSI22\\Laravel\\project_laravel\\Election-System-electionsystem\\election-college-system\\artisan(37): Illuminate\\Foundation\\Console\\Kernel->handle(Object(Symfony\\Component\\Console\\Input\\ArgvInput), Object(Symfony\\Component\\Console\\Output\\ConsoleOutput))
#33 {main}
"} 
